<?xml version="1.0" encoding="UTF-8"?>
<coverage generated="1764916191981" clover="3.2.0">
  <project timestamp="1764916191981" name="All files">
    <metrics statements="45" coveredstatements="7" conditionals="22" coveredconditionals="1" methods="12" coveredmethods="3" elements="79" coveredelements="11" complexity="0" loc="45" ncloc="45" packages="2" files="2" classes="2"/>
    <package name="components">
      <metrics statements="14" coveredstatements="6" conditionals="6" coveredconditionals="1" methods="5" coveredmethods="2"/>
      <file name="PokemonCard.tsx" path="/Users/blxckbxll/Documents/Proyectos/pokedexpwa/src/components/PokemonCard.tsx">
        <metrics statements="14" coveredstatements="6" conditionals="6" coveredconditionals="1" methods="5" coveredmethods="2"/>
        <line num="9" count="1" type="stmt"/>
        <line num="10" count="3" type="stmt"/>
        <line num="12" count="0" type="stmt"/>
        <line num="13" count="0" type="stmt"/>
        <line num="16" count="0" type="stmt"/>
        <line num="19" count="3" type="stmt"/>
        <line num="20" count="3" type="stmt"/>
        <line num="40" count="3" type="cond" truecount="1" falsecount="1"/>
        <line num="43" count="3" type="stmt"/>
        <line num="44" count="0" type="cond" truecount="0" falsecount="4"/>
        <line num="45" count="0" type="stmt"/>
        <line num="46" count="0" type="stmt"/>
        <line num="65" count="0" type="stmt"/>
        <line num="66" count="0" type="stmt"/>
      </file>
    </package>
    <package name="services">
      <metrics statements="31" coveredstatements="1" conditionals="16" coveredconditionals="0" methods="7" coveredmethods="1"/>
      <file name="notificationService.ts" path="/Users/blxckbxll/Documents/Proyectos/pokedexpwa/src/services/notificationService.ts">
        <metrics statements="31" coveredstatements="1" conditionals="16" coveredconditionals="0" methods="7" coveredmethods="1"/>
        <line num="4" count="1" type="stmt"/>
        <line num="5" count="0" type="stmt"/>
        <line num="8" count="0" type="stmt"/>
        <line num="12" count="0" type="cond" truecount="0" falsecount="2"/>
        <line num="13" count="0" type="stmt"/>
        <line num="15" count="0" type="stmt"/>
        <line num="19" count="0" type="cond" truecount="0" falsecount="2"/>
        <line num="20" count="0" type="stmt"/>
        <line num="25" count="0" type="cond" truecount="0" falsecount="2"/>
        <line num="26" count="0" type="stmt"/>
        <line num="27" count="0" type="stmt"/>
        <line num="30" count="0" type="cond" truecount="0" falsecount="2"/>
        <line num="31" count="0" type="stmt"/>
        <line num="32" count="0" type="stmt"/>
        <line num="35" count="0" type="cond" truecount="0" falsecount="2"/>
        <line num="36" count="0" type="stmt"/>
        <line num="37" count="0" type="stmt"/>
        <line num="38" count="0" type="stmt"/>
        <line num="41" count="0" type="stmt"/>
        <line num="45" count="0" type="cond" truecount="0" falsecount="2"/>
        <line num="46" count="0" type="stmt"/>
        <line num="47" count="0" type="cond" truecount="0" falsecount="2"/>
        <line num="48" count="0" type="stmt"/>
        <line num="49" count="0" type="stmt"/>
        <line num="53" count="0" type="stmt"/>
        <line num="54" count="0" type="stmt"/>
        <line num="62" count="0" type="stmt"/>
        <line num="63" count="0" type="stmt"/>
        <line num="67" count="0" type="stmt"/>
        <line num="72" count="0" type="stmt"/>
        <line num="74" count="0" type="stmt"/>
      </file>
    </package>
  </project>
</coverage>
