{"/Users/blxckbxll/Documents/Proyectos/pokedexpwa/src/components/PokemonCard.tsx": {"path":"/Users/blxckbxll/Documents/Proyectos/pokedexpwa/src/components/PokemonCard.tsx","statementMap":{"0":{"start":{"line":9,"column":48},"end":{"line":93,"column":null}},"1":{"start":{"line":10,"column":22},"end":{"line":17,"column":null}},"2":{"start":{"line":12,"column":32},"end":{"line":12,"column":null}},"3":{"start":{"line":13,"column":4},"end":{"line":13,"column":null}},"4":{"start":{"line":16,"column":4},"end":{"line":16,"column":null}},"5":{"start":{"line":19,"column":28},"end":{"line":41,"column":null}},"6":{"start":{"line":20,"column":51},"end":{"line":39,"column":null}},"7":{"start":{"line":40,"column":4},"end":{"line":40,"column":null}},"8":{"start":{"line":43,"column":25},"end":{"line":48,"column":null}},"9":{"start":{"line":44,"column":4},"end":{"line":47,"column":null}},"10":{"start":{"line":45,"column":6},"end":{"line":45,"column":null}},"11":{"start":{"line":46,"column":6},"end":{"line":46,"column":null}},"12":{"start":{"line":65,"column":27},"end":{"line":65,"column":35}},"13":{"start":{"line":66,"column":12},"end":{"line":66,"column":null}}},"fnMap":{"0":{"name":"(anonymous_0)","decl":{"start":{"line":9,"column":48},"end":{"line":9,"column":49}},"loc":{"start":{"line":9,"column":70},"end":{"line":93,"column":null}},"line":9},"1":{"name":"(anonymous_1)","decl":{"start":{"line":10,"column":22},"end":{"line":10,"column":null}},"loc":{"start":{"line":10,"column":22},"end":{"line":17,"column":null}},"line":10},"2":{"name":"(anonymous_2)","decl":{"start":{"line":19,"column":28},"end":{"line":19,"column":29}},"loc":{"start":{"line":19,"column":29},"end":{"line":41,"column":null}},"line":19},"3":{"name":"(anonymous_3)","decl":{"start":{"line":43,"column":25},"end":{"line":43,"column":26}},"loc":{"start":{"line":43,"column":26},"end":{"line":48,"column":null}},"line":43},"4":{"name":"(anonymous_4)","decl":{"start":{"line":64,"column":19},"end":{"line":64,"column":20}},"loc":{"start":{"line":64,"column":20},"end":{"line":67,"column":null}},"line":64}},"branchMap":{"0":{"loc":{"start":{"line":40,"column":11},"end":{"line":40,"column":null}},"type":"binary-expr","locations":[{"start":{"line":40,"column":11},"end":{"line":40,"column":28}},{"start":{"line":40,"column":32},"end":{"line":40,"column":null}}],"line":40},"1":{"loc":{"start":{"line":44,"column":4},"end":{"line":47,"column":null}},"type":"if","locations":[{"start":{"line":44,"column":4},"end":{"line":47,"column":null}},{"start":{},"end":{}}],"line":44},"2":{"loc":{"start":{"line":44,"column":8},"end":{"line":44,"column":44}},"type":"binary-expr","locations":[{"start":{"line":44,"column":8},"end":{"line":44,"column":29}},{"start":{"line":44,"column":29},"end":{"line":44,"column":44}}],"line":44}},"s":{"0":1,"1":3,"2":0,"3":0,"4":0,"5":3,"6":3,"7":3,"8":3,"9":0,"10":0,"11":0,"12":0,"13":0},"f":{"0":3,"1":0,"2":3,"3":0,"4":0},"b":{"0":[3,0],"1":[0,0],"2":[0,0]},"meta":{"lastBranch":3,"lastFunction":5,"lastStatement":14,"seen":{"s:9:48:93:Infinity":0,"f:9:48:9:49":0,"s:10:22:17:Infinity":1,"f:10:22:10:Infinity":1,"s:12:32:12:Infinity":2,"s:13:4:13:Infinity":3,"s:16:4:16:Infinity":4,"s:19:28:41:Infinity":5,"f:19:28:19:29":2,"s:20:51:39:Infinity":6,"s:40:4:40:Infinity":7,"b:40:11:40:28:40:32:40:Infinity":0,"s:43:25:48:Infinity":8,"f:43:25:43:26":3,"b:44:4:47:Infinity:undefined:undefined:undefined:undefined":1,"s:44:4:47:Infinity":9,"b:44:8:44:29:44:29:44:44":2,"s:45:6:45:Infinity":10,"s:46:6:46:Infinity":11,"f:64:19:64:20":4,"s:65:27:65:35":12,"s:66:12:66:Infinity":13}}}
,"/Users/blxckbxll/Documents/Proyectos/pokedexpwa/src/services/notificationService.ts": {"path":"/Users/blxckbxll/Documents/Proyectos/pokedexpwa/src/services/notificationService.ts","statementMap":{"0":{"start":{"line":12,"column":4},"end":{"line":14,"column":null}},"1":{"start":{"line":13,"column":6},"end":{"line":13,"column":null}},"2":{"start":{"line":15,"column":4},"end":{"line":15,"column":null}},"3":{"start":{"line":19,"column":4},"end":{"line":21,"column":null}},"4":{"start":{"line":20,"column":6},"end":{"line":20,"column":null}},"5":{"start":{"line":25,"column":4},"end":{"line":28,"column":null}},"6":{"start":{"line":26,"column":6},"end":{"line":26,"column":null}},"7":{"start":{"line":27,"column":6},"end":{"line":27,"column":null}},"8":{"start":{"line":30,"column":4},"end":{"line":33,"column":null}},"9":{"start":{"line":31,"column":6},"end":{"line":31,"column":null}},"10":{"start":{"line":32,"column":6},"end":{"line":32,"column":null}},"11":{"start":{"line":35,"column":4},"end":{"line":39,"column":null}},"12":{"start":{"line":36,"column":25},"end":{"line":36,"column":null}},"13":{"start":{"line":37,"column":6},"end":{"line":37,"column":null}},"14":{"start":{"line":38,"column":6},"end":{"line":38,"column":null}},"15":{"start":{"line":41,"column":4},"end":{"line":41,"column":null}},"16":{"start":{"line":45,"column":4},"end":{"line":51,"column":null}},"17":{"start":{"line":46,"column":22},"end":{"line":46,"column":null}},"18":{"start":{"line":47,"column":6},"end":{"line":50,"column":null}},"19":{"start":{"line":48,"column":8},"end":{"line":48,"column":null}},"20":{"start":{"line":49,"column":8},"end":{"line":49,"column":null}},"21":{"start":{"line":53,"column":4},"end":{"line":68,"column":null}},"22":{"start":{"line":54,"column":27},"end":{"line":59,"column":null}},"23":{"start":{"line":62,"column":6},"end":{"line":64,"column":null}},"24":{"start":{"line":63,"column":8},"end":{"line":63,"column":null}},"25":{"start":{"line":67,"column":6},"end":{"line":67,"column":null}},"26":{"start":{"line":72,"column":28},"end":{"line":72,"column":null}},"27":{"start":{"line":74,"column":4},"end":{"line":79,"column":null}},"28":{"start":{"line":5,"column":2},"end":{"line":5,"column":null}},"29":{"start":{"line":8,"column":4},"end":{"line":8,"column":null}},"30":{"start":{"line":4,"column":2},"end":{"line":4,"column":17}}},"fnMap":{"0":{"name":"(anonymous_0)","decl":{"start":{"line":11,"column":9},"end":{"line":11,"column":44}},"loc":{"start":{"line":11,"column":44},"end":{"line":16,"column":null}},"line":11},"1":{"name":"(anonymous_1)","decl":{"start":{"line":18,"column":10},"end":{"line":18,"column":34}},"loc":{"start":{"line":18,"column":34},"end":{"line":22,"column":null}},"line":18},"2":{"name":"(anonymous_2)","decl":{"start":{"line":24,"column":8},"end":{"line":24,"column":46}},"loc":{"start":{"line":24,"column":46},"end":{"line":42,"column":null}},"line":24},"3":{"name":"(anonymous_3)","decl":{"start":{"line":44,"column":8},"end":{"line":44,"column":25}},"loc":{"start":{"line":44,"column":70},"end":{"line":69,"column":null}},"line":44},"4":{"name":"(anonymous_4)","decl":{"start":{"line":62,"column":17},"end":{"line":62,"column":null}},"loc":{"start":{"line":62,"column":17},"end":{"line":64,"column":9}},"line":62},"5":{"name":"(anonymous_5)","decl":{"start":{"line":71,"column":8},"end":{"line":71,"column":30}},"loc":{"start":{"line":71,"column":66},"end":{"line":80,"column":null}},"line":71},"6":{"name":"(anonymous_6)","decl":{"start":{"line":7,"column":2},"end":{"line":7,"column":16}},"loc":{"start":{"line":7,"column":16},"end":{"line":9,"column":null}},"line":7}},"branchMap":{"0":{"loc":{"start":{"line":12,"column":4},"end":{"line":14,"column":null}},"type":"if","locations":[{"start":{"line":12,"column":4},"end":{"line":14,"column":null}},{"start":{},"end":{}}],"line":12},"1":{"loc":{"start":{"line":19,"column":4},"end":{"line":21,"column":null}},"type":"if","locations":[{"start":{"line":19,"column":4},"end":{"line":21,"column":null}},{"start":{},"end":{}}],"line":19},"2":{"loc":{"start":{"line":25,"column":4},"end":{"line":28,"column":null}},"type":"if","locations":[{"start":{"line":25,"column":4},"end":{"line":28,"column":null}},{"start":{},"end":{}}],"line":25},"3":{"loc":{"start":{"line":30,"column":4},"end":{"line":33,"column":null}},"type":"if","locations":[{"start":{"line":30,"column":4},"end":{"line":33,"column":null}},{"start":{},"end":{}}],"line":30},"4":{"loc":{"start":{"line":35,"column":4},"end":{"line":39,"column":null}},"type":"if","locations":[{"start":{"line":35,"column":4},"end":{"line":39,"column":null}},{"start":{},"end":{}}],"line":35},"5":{"loc":{"start":{"line":45,"column":4},"end":{"line":51,"column":null}},"type":"if","locations":[{"start":{"line":45,"column":4},"end":{"line":51,"column":null}},{"start":{},"end":{}}],"line":45},"6":{"loc":{"start":{"line":47,"column":6},"end":{"line":50,"column":null}},"type":"if","locations":[{"start":{"line":47,"column":6},"end":{"line":50,"column":null}},{"start":{},"end":{}}],"line":47},"7":{"loc":{"start":{"line":56,"column":14},"end":{"line":56,"column":null}},"type":"binary-expr","locations":[{"start":{"line":56,"column":14},"end":{"line":56,"column":26}},{"start":{"line":56,"column":30},"end":{"line":56,"column":null}}],"line":56}},"s":{"0":0,"1":0,"2":0,"3":0,"4":0,"5":0,"6":0,"7":0,"8":0,"9":0,"10":0,"11":0,"12":0,"13":0,"14":0,"15":0,"16":0,"17":0,"18":0,"19":0,"20":0,"21":0,"22":0,"23":0,"24":0,"25":0,"26":0,"27":0,"28":0,"29":0,"30":1},"f":{"0":1,"1":0,"2":0,"3":0,"4":0,"5":0,"6":0},"b":{"0":[0,0],"1":[0,0],"2":[0,0],"3":[0,0],"4":[0,0],"5":[0,0],"6":[0,0],"7":[0,0]},"meta":{"lastBranch":8,"lastFunction":7,"lastStatement":31,"seen":{"f:11:9:11:44":0,"b:12:4:14:Infinity:undefined:undefined:undefined:undefined":0,"s:12:4:14:Infinity":0,"s:13:6:13:Infinity":1,"s:15:4:15:Infinity":2,"f:18:10:18:34":1,"b:19:4:21:Infinity:undefined:undefined:undefined:undefined":1,"s:19:4:21:Infinity":3,"s:20:6:20:Infinity":4,"f:24:8:24:46":2,"b:25:4:28:Infinity:undefined:undefined:undefined:undefined":2,"s:25:4:28:Infinity":5,"s:26:6:26:Infinity":6,"s:27:6:27:Infinity":7,"b:30:4:33:Infinity:undefined:undefined:undefined:undefined":3,"s:30:4:33:Infinity":8,"s:31:6:31:Infinity":9,"s:32:6:32:Infinity":10,"b:35:4:39:Infinity:undefined:undefined:undefined:undefined":4,"s:35:4:39:Infinity":11,"s:36:25:36:Infinity":12,"s:37:6:37:Infinity":13,"s:38:6:38:Infinity":14,"s:41:4:41:Infinity":15,"f:44:8:44:25":3,"b:45:4:51:Infinity:undefined:undefined:undefined:undefined":5,"s:45:4:51:Infinity":16,"s:46:22:46:Infinity":17,"b:47:6:50:Infinity:undefined:undefined:undefined:undefined":6,"s:47:6:50:Infinity":18,"s:48:8:48:Infinity":19,"s:49:8:49:Infinity":20,"s:53:4:68:Infinity":21,"s:54:27:59:Infinity":22,"b:56:14:56:26:56:30:56:Infinity":7,"s:62:6:64:Infinity":23,"f:62:17:62:Infinity":4,"s:63:8:63:Infinity":24,"s:67:6:67:Infinity":25,"f:71:8:71:30":5,"s:72:28:72:Infinity":26,"s:74:4:79:Infinity":27,"f:7:2:7:16":6,"s:5:2:5:Infinity":28,"s:8:4:8:Infinity":29,"s:4:2:4:17":30}}}
}
